# JRE version: Java(TM) SE Runtime Environment (8.0_144-b01) (build 1.8.0_144-b01)
# Java VM: Java HotSpot(TM) 64-Bit Server VM (25.144-b01 mixed mode linux-amd64 compressed oops)
Heap:
 PSYoungGen      total 248320K, used 13808K [0x00000000d6f80000, 0x00000000e6f80000, 0x0000000100000000)
  eden space 234496K, 0% used [0x00000000d6f80000,0x00000000d6f80000,0x00000000e5480000)
  from space 13824K, 99% used [0x00000000e5480000,0x00000000e61fc050,0x00000000e6200000)
  to   space 12800K, 0% used [0x00000000e6300000,0x00000000e6300000,0x00000000e6f80000)
 ParOldGen       total 64000K, used 62625K [0x0000000084e00000, 0x0000000088c80000, 0x00000000d6f80000)
  object space 64000K, 97% used [0x0000000084e00000,0x0000000088b285f8,0x0000000088c80000)
 Metaspace       used 48855K, capacity 50842K, committed 51072K, reserved 1093632K
  class space    used 6264K, capacity 6664K, committed 6784K, reserved 1048576K
GC Heap History (10 events):
Event: 50.537 GC heap after
Heap after GC invocations=16 (full 1):
 PSYoungGen      total 117248K, used 5235K [0x00000000d6f80000, 0x00000000e2900000, 0x0000000100000000)
  eden space 107008K, 0% used [0x00000000d6f80000,0x00000000d6f80000,0x00000000dd800000)
  from space 10240K, 51% used [0x00000000dd800000,0x00000000ddd1cda0,0x00000000de200000)
  to   space 9728K, 0% used [0x00000000e1f80000,0x00000000e1f80000,0x00000000e2900000)
 ParOldGen       total 40960K, used 23931K [0x0000000084e00000, 0x0000000087600000, 0x00000000d6f80000)
  object space 40960K, 58% used [0x0000000084e00000,0x000000008655ee68,0x0000000087600000)
 Metaspace       used 32569K, capacity 33994K, committed 34048K, reserved 1079296K
  class space    used 4304K, capacity 4598K, committed 4608K, reserved 1048576K
}
Event: 54.310 GC heap before
{Heap before GC invocations=17 (full 1):
 PSYoungGen      total 117248K, used 59905K [0x00000000d6f80000, 0x00000000e2900000, 0x0000000100000000)
  eden space 107008K, 51% used [0x00000000d6f80000,0x00000000da4e3930,0x00000000dd800000)
  from space 10240K, 51% used [0x00000000dd800000,0x00000000ddd1cda0,0x00000000de200000)
  to   space 9728K, 0% used [0x00000000e1f80000,0x00000000e1f80000,0x00000000e2900000)
 ParOldGen       total 40960K, used 23931K [0x0000000084e00000, 0x0000000087600000, 0x00000000d6f80000)
  object space 40960K, 58% used [0x0000000084e00000,0x000000008655ee68,0x0000000087600000)
 Metaspace       used 33928K, capacity 35412K, committed 35496K, reserved 1079296K
  class space    used 4491K, capacity 4809K, committed 4864K, reserved 1048576K
Event: 54.323 GC heap after
Heap after GC invocations=17 (full 1):
 PSYoungGen      total 179200K, used 2828K [0x00000000d6f80000, 0x00000000e2880000, 0x0000000100000000)
  eden space 169984K, 0% used [0x00000000d6f80000,0x00000000d6f80000,0x00000000e1580000)
  from space 9216K, 30% used [0x00000000e1f80000,0x00000000e2243078,0x00000000e2880000)
  to   space 9728K, 0% used [0x00000000e1580000,0x00000000e1580000,0x00000000e1f00000)
 ParOldGen       total 40960K, used 26755K [0x0000000084e00000, 0x0000000087600000, 0x00000000d6f80000)
  object space 40960K, 65% used [0x0000000084e00000,0x0000000086820ed8,0x0000000087600000)
 Metaspace       used 33928K, capacity 35412K, committed 35496K, reserved 1079296K
  class space    used 4491K, capacity 4809K, committed 4864K, reserved 1048576K
}
Event: 54.323 GC heap before
{Heap before GC invocations=18 (full 2):
 PSYoungGen      total 179200K, used 2828K [0x00000000d6f80000, 0x00000000e2880000, 0x0000000100000000)
  eden space 169984K, 0% used [0x00000000d6f80000,0x00000000d6f80000,0x00000000e1580000)
  from space 9216K, 30% used [0x00000000e1f80000,0x00000000e2243078,0x00000000e2880000)
  to   space 9728K, 0% used [0x00000000e1580000,0x00000000e1580000,0x00000000e1f00000)
 ParOldGen       total 40960K, used 26755K [0x0000000084e00000, 0x0000000087600000, 0x00000000d6f80000)
  object space 40960K, 65% used [0x0000000084e00000,0x0000000086820ed8,0x0000000087600000)
 Metaspace       used 33928K, capacity 35412K, committed 35496K, reserved 1079296K
  class space    used 4491K, capacity 4809K, committed 4864K, reserved 1048576K
Event: 54.461 GC heap after
Heap after GC invocations=18 (full 2):
 PSYoungGen      total 179200K, used 0K [0x00000000d6f80000, 0x00000000e2880000, 0x0000000100000000)
  eden space 169984K, 0% used [0x00000000d6f80000,0x00000000d6f80000,0x00000000e1580000)
  from space 9216K, 0% used [0x00000000e1f80000,0x00000000e1f80000,0x00000000e2880000)
  to   space 9728K, 0% used [0x00000000e1580000,0x00000000e1580000,0x00000000e1f00000)
 ParOldGen       total 64000K, used 26554K [0x0000000084e00000, 0x0000000088c80000, 0x00000000d6f80000)
  object space 64000K, 41% used [0x0000000084e00000,0x00000000867eea60,0x0000000088c80000)
 Metaspace       used 33928K, capacity 35412K, committed 35496K, reserved 1079296K
  class space    used 4491K, capacity 4809K, committed 4864K, reserved 1048576K
}
Event: 72.288 GC heap before
{Heap before GC invocations=19 (full 2):
 PSYoungGen      total 179200K, used 169984K [0x00000000d6f80000, 0x00000000e2880000, 0x0000000100000000)
  eden space 169984K, 100% used [0x00000000d6f80000,0x00000000e1580000,0x00000000e1580000)
  from space 9216K, 0% used [0x00000000e1f80000,0x00000000e1f80000,0x00000000e2880000)
  to   space 9728K, 0% used [0x00000000e1580000,0x00000000e1580000,0x00000000e1f00000)
 ParOldGen       total 64000K, used 26554K [0x0000000084e00000, 0x0000000088c80000, 0x00000000d6f80000)
  object space 64000K, 41% used [0x0000000084e00000,0x00000000867eea60,0x0000000088c80000)
 Metaspace       used 43993K, capacity 45612K, committed 45824K, reserved 1089536K
  class space    used 5796K, capacity 6111K, committed 6144K, reserved 1048576K
Event: 73.327 GC heap after
Heap after GC invocations=19 (full 2):
 PSYoungGen      total 179712K, used 9704K [0x00000000d6f80000, 0x00000000e7080000, 0x0000000100000000)
  eden space 169984K, 0% used [0x00000000d6f80000,0x00000000d6f80000,0x00000000e1580000)
  from space 9728K, 99% used [0x00000000e1580000,0x00000000e1efa0f0,0x00000000e1f00000)
  to   space 13824K, 0% used [0x00000000e6300000,0x00000000e6300000,0x00000000e7080000)
 ParOldGen       total 64000K, used 33373K [0x0000000084e00000, 0x0000000088c80000, 0x00000000d6f80000)
  object space 64000K, 52% used [0x0000000084e00000,0x0000000086e97700,0x0000000088c80000)
 Metaspace       used 43993K, capacity 45612K, committed 45824K, reserved 1089536K
  class space    used 5796K, capacity 6111K, committed 6144K, reserved 1048576K
}
Event: 75.636 GC heap before
{Heap before GC invocations=20 (full 2):
 PSYoungGen      total 179712K, used 179688K [0x00000000d6f80000, 0x00000000e7080000, 0x0000000100000000)
  eden space 169984K, 100% used [0x00000000d6f80000,0x00000000e1580000,0x00000000e1580000)
  from space 9728K, 99% used [0x00000000e1580000,0x00000000e1efa0f0,0x00000000e1f00000)
  to   space 13824K, 0% used [0x00000000e6300000,0x00000000e6300000,0x00000000e7080000)
 ParOldGen       total 64000K, used 33373K [0x0000000084e00000, 0x0000000088c80000, 0x00000000d6f80000)
  object space 64000K, 52% used [0x0000000084e00000,0x0000000086e97700,0x0000000088c80000)
 Metaspace       used 46740K, capacity 48304K, committed 48640K, reserved 1091584K
  class space    used 5982K, capacity 6305K, committed 6400K, reserved 1048576K
Event: 75.680 GC heap after
Heap after GC invocations=20 (full 2):
 PSYoungGen      total 247296K, used 8837K [0x00000000d6f80000, 0x00000000e6f80000, 0x0000000100000000)
  eden space 234496K, 0% used [0x00000000d6f80000,0x00000000d6f80000,0x00000000e5480000)
  from space 12800K, 69% used [0x00000000e6300000,0x00000000e6ba1718,0x00000000e6f80000)
  to   space 13824K, 0% used [0x00000000e5480000,0x00000000e5480000,0x00000000e6200000)
 ParOldGen       total 64000K, used 42889K [0x0000000084e00000, 0x0000000088c80000, 0x00000000d6f80000)
  object space 64000K, 67% used [0x0000000084e00000,0x00000000877e26e8,0x0000000088c80000)
 Metaspace       used 46740K, capacity 48304K, committed 48640K, reserved 1091584K
  class space    used 5982K, capacity 6305K, committed 6400K, reserved 1048576K
}
Event: 88.695 GC heap before
{Heap before GC invocations=21 (full 2):
 PSYoungGen      total 247296K, used 243333K [0x00000000d6f80000, 0x00000000e6f80000, 0x0000000100000000)
  eden space 234496K, 100% used [0x00000000d6f80000,0x00000000e5480000,0x00000000e5480000)
  from space 12800K, 69% used [0x00000000e6300000,0x00000000e6ba1718,0x00000000e6f80000)
  to   space 13824K, 0% used [0x00000000e5480000,0x00000000e5480000,0x00000000e6200000)
 ParOldGen       total 64000K, used 42889K [0x0000000084e00000, 0x0000000088c80000, 0x00000000d6f80000)
  object space 64000K, 67% used [0x0000000084e00000,0x00000000877e26e8,0x0000000088c80000)
 Metaspace       used 48855K, capacity 50842K, committed 51072K, reserved 1093632K
  class space    used 6264K, capacity 6664K, committed 6784K, reserved 1048576K

