# JRE version: Java(TM) SE Runtime Environment (8.0_144-b01) (build 1.8.0_144-b01)
# Java VM: Java HotSpot(TM) 64-Bit Server VM (25.144-b01 mixed mode linux-amd64 compressed oops)
Heap:
 PSYoungGen      total 303104K, used 19446K [0x00000000d6f80000, 0x00000000eaf80000, 0x0000000100000000)
  eden space 283648K, 0% used [0x00000000d6f80000,0x00000000d6f80000,0x00000000e8480000)
  from space 19456K, 99% used [0x00000000e8480000,0x00000000e977dbf0,0x00000000e9780000)
  to   space 19968K, 0% used [0x00000000e9780000,0x00000000e9780000,0x00000000eab00000)
 ParOldGen       total 92160K, used 28608K [0x0000000084e00000, 0x000000008a800000, 0x00000000d6f80000)
  object space 92160K, 31% used [0x0000000084e00000,0x00000000869f02a0,0x000000008a800000)
 Metaspace       used 45917K, capacity 47526K, committed 47744K, reserved 1091584K
  class space    used 5898K, capacity 6240K, committed 6272K, reserved 1048576K
GC Heap History (10 events):
Event: 9.179 GC heap after
Heap after GC invocations=8 (full 1):
 PSYoungGen      total 134656K, used 10233K [0x00000000d6f80000, 0x00000000e4980000, 0x0000000100000000)
  eden space 124416K, 0% used [0x00000000d6f80000,0x00000000d6f80000,0x00000000de900000)
  from space 10240K, 99% used [0x00000000de900000,0x00000000df2fe5c8,0x00000000df300000)
  to   space 12800K, 0% used [0x00000000e3d00000,0x00000000e3d00000,0x00000000e4980000)
 ParOldGen       total 53760K, used 12579K [0x0000000084e00000, 0x0000000088280000, 0x00000000d6f80000)
  object space 53760K, 23% used [0x0000000084e00000,0x0000000085a48ec0,0x0000000088280000)
 Metaspace       used 26216K, capacity 27072K, committed 27264K, reserved 1073152K
  class space    used 3439K, capacity 3657K, committed 3712K, reserved 1048576K
}
Event: 10.726 GC heap before
{Heap before GC invocations=9 (full 1):
 PSYoungGen      total 134656K, used 134649K [0x00000000d6f80000, 0x00000000e4980000, 0x0000000100000000)
  eden space 124416K, 100% used [0x00000000d6f80000,0x00000000de900000,0x00000000de900000)
  from space 10240K, 99% used [0x00000000de900000,0x00000000df2fe5c8,0x00000000df300000)
  to   space 12800K, 0% used [0x00000000e3d00000,0x00000000e3d00000,0x00000000e4980000)
 ParOldGen       total 53760K, used 12579K [0x0000000084e00000, 0x0000000088280000, 0x00000000d6f80000)
  object space 53760K, 23% used [0x0000000084e00000,0x0000000085a48ec0,0x0000000088280000)
 Metaspace       used 28006K, capacity 29010K, committed 29056K, reserved 1075200K
  class space    used 3702K, capacity 3940K, committed 3968K, reserved 1048576K
Event: 10.749 GC heap after
Heap after GC invocations=9 (full 1):
 PSYoungGen      total 207872K, used 12779K [0x00000000d6f80000, 0x00000000e6000000, 0x0000000100000000)
  eden space 195072K, 0% used [0x00000000d6f80000,0x00000000d6f80000,0x00000000e2e00000)
  from space 12800K, 99% used [0x00000000e3d00000,0x00000000e497ac70,0x00000000e4980000)
  to   space 15360K, 0% used [0x00000000e2e00000,0x00000000e2e00000,0x00000000e3d00000)
 ParOldGen       total 53760K, used 13998K [0x0000000084e00000, 0x0000000088280000, 0x00000000d6f80000)
  object space 53760K, 26% used [0x0000000084e00000,0x0000000085bab920,0x0000000088280000)
 Metaspace       used 28006K, capacity 29010K, committed 29056K, reserved 1075200K
  class space    used 3702K, capacity 3940K, committed 3968K, reserved 1048576K
}
Event: 24.121 GC heap before
{Heap before GC invocations=10 (full 1):
 PSYoungGen      total 207872K, used 207851K [0x00000000d6f80000, 0x00000000e6000000, 0x0000000100000000)
  eden space 195072K, 100% used [0x00000000d6f80000,0x00000000e2e00000,0x00000000e2e00000)
  from space 12800K, 99% used [0x00000000e3d00000,0x00000000e497ac70,0x00000000e4980000)
  to   space 15360K, 0% used [0x00000000e2e00000,0x00000000e2e00000,0x00000000e3d00000)
 ParOldGen       total 53760K, used 13998K [0x0000000084e00000, 0x0000000088280000, 0x00000000d6f80000)
  object space 53760K, 26% used [0x0000000084e00000,0x0000000085bab920,0x0000000088280000)
 Metaspace       used 33506K, capacity 34970K, committed 35072K, reserved 1079296K
  class space    used 4453K, capacity 4772K, committed 4864K, reserved 1048576K
Event: 24.659 GC heap after
Heap after GC invocations=10 (full 1):
 PSYoungGen      total 210432K, used 15359K [0x00000000d6f80000, 0x00000000eab00000, 0x0000000100000000)
  eden space 195072K, 0% used [0x00000000d6f80000,0x00000000d6f80000,0x00000000e2e00000)
  from space 15360K, 99% used [0x00000000e2e00000,0x00000000e3cffce0,0x00000000e3d00000)
  to   space 19968K, 0% used [0x00000000e9780000,0x00000000e9780000,0x00000000eab00000)
 ParOldGen       total 53760K, used 20158K [0x0000000084e00000, 0x0000000088280000, 0x00000000d6f80000)
  object space 53760K, 37% used [0x0000000084e00000,0x00000000861af938,0x0000000088280000)
 Metaspace       used 33506K, capacity 34970K, committed 35072K, reserved 1079296K
  class space    used 4453K, capacity 4772K, committed 4864K, reserved 1048576K
}
Event: 41.699 GC heap before
{Heap before GC invocations=11 (full 1):
 PSYoungGen      total 210432K, used 32091K [0x00000000d6f80000, 0x00000000eab00000, 0x0000000100000000)
  eden space 195072K, 8% used [0x00000000d6f80000,0x00000000d7fd7298,0x00000000e2e00000)
  from space 15360K, 99% used [0x00000000e2e00000,0x00000000e3cffce0,0x00000000e3d00000)
  to   space 19968K, 0% used [0x00000000e9780000,0x00000000e9780000,0x00000000eab00000)
 ParOldGen       total 53760K, used 20158K [0x0000000084e00000, 0x0000000088280000, 0x00000000d6f80000)
  object space 53760K, 37% used [0x0000000084e00000,0x00000000861af938,0x0000000088280000)
 Metaspace       used 33944K, capacity 35406K, committed 35496K, reserved 1079296K
  class space    used 4499K, capacity 4810K, committed 4864K, reserved 1048576K
Event: 44.119 GC heap after
Heap after GC invocations=11 (full 1):
 PSYoungGen      total 303616K, used 6776K [0x00000000d6f80000, 0x00000000eaf80000, 0x0000000100000000)
  eden space 283648K, 0% used [0x00000000d6f80000,0x00000000d6f80000,0x00000000e8480000)
  from space 19968K, 33% used [0x00000000e9780000,0x00000000e9e1e090,0x00000000eab00000)
  to   space 19456K, 0% used [0x00000000e8480000,0x00000000e8480000,0x00000000e9780000)
 ParOldGen       total 53760K, used 26994K [0x0000000084e00000, 0x0000000088280000, 0x00000000d6f80000)
  object space 53760K, 50% used [0x0000000084e00000,0x000000008685cb78,0x0000000088280000)
 Metaspace       used 33944K, capacity 35406K, committed 35496K, reserved 1079296K
  class space    used 4499K, capacity 4810K, committed 4864K, reserved 1048576K
}
Event: 44.120 GC heap before
{Heap before GC invocations=12 (full 2):
 PSYoungGen      total 303616K, used 6776K [0x00000000d6f80000, 0x00000000eaf80000, 0x0000000100000000)
  eden space 283648K, 0% used [0x00000000d6f80000,0x00000000d6f80000,0x00000000e8480000)
  from space 19968K, 33% used [0x00000000e9780000,0x00000000e9e1e090,0x00000000eab00000)
  to   space 19456K, 0% used [0x00000000e8480000,0x00000000e8480000,0x00000000e9780000)
 ParOldGen       total 53760K, used 26994K [0x0000000084e00000, 0x0000000088280000, 0x00000000d6f80000)
  object space 53760K, 50% used [0x0000000084e00000,0x000000008685cb78,0x0000000088280000)
 Metaspace       used 33944K, capacity 35406K, committed 35496K, reserved 1079296K
  class space    used 4499K, capacity 4810K, committed 4864K, reserved 1048576K
Event: 46.593 GC heap after
Heap after GC invocations=12 (full 2):
 PSYoungGen      total 303616K, used 0K [0x00000000d6f80000, 0x00000000eaf80000, 0x0000000100000000)
  eden space 283648K, 0% used [0x00000000d6f80000,0x00000000d6f80000,0x00000000e8480000)
  from space 19968K, 0% used [0x00000000e9780000,0x00000000e9780000,0x00000000eab00000)
  to   space 19456K, 0% used [0x00000000e8480000,0x00000000e8480000,0x00000000e9780000)
 ParOldGen       total 92160K, used 25935K [0x0000000084e00000, 0x000000008a800000, 0x00000000d6f80000)
  object space 92160K, 28% used [0x0000000084e00000,0x0000000086753c38,0x000000008a800000)
 Metaspace       used 33944K, capacity 35406K, committed 35496K, reserved 1079296K
  class space    used 4499K, capacity 4810K, committed 4864K, reserved 1048576K
}
Event: 174.751 GC heap before
{Heap before GC invocations=13 (full 2):
 PSYoungGen      total 303616K, used 283648K [0x00000000d6f80000, 0x00000000eaf80000, 0x0000000100000000)
  eden space 283648K, 100% used [0x00000000d6f80000,0x00000000e8480000,0x00000000e8480000)
  from space 19968K, 0% used [0x00000000e9780000,0x00000000e9780000,0x00000000eab00000)
  to   space 19456K, 0% used [0x00000000e8480000,0x00000000e8480000,0x00000000e9780000)
 ParOldGen       total 92160K, used 25935K [0x0000000084e00000, 0x000000008a800000, 0x00000000d6f80000)
  object space 92160K, 28% used [0x0000000084e00000,0x0000000086753c38,0x000000008a800000)
 Metaspace       used 45917K, capacity 47526K, committed 47744K, reserved 1091584K
  class space    used 5898K, capacity 6240K, committed 6272K, reserved 1048576K

